<?xml version="1.0" encoding="UTF-8"?>
<!-- Generated by org.testng.reporters.JUnitXMLReporter -->
<testsuite hostname="LAPTOP-N0G0NBDP" ignored="0" name="Default test" tests="4" failures="0" timestamp="27 Feb 2021 02:09:04 GMT" time="29.006" errors="0">
  <testcase name="SearchboxTest" time="5.401" classname="com.qa.testcases.Testcase1"/>
  <testcase name="mainPageTest" time="4.7" classname="com.qa.testcases.Testcase1"/>
  <testcase name="CreateAccountPageTest" time="5.592" classname="com.qa.testcases.Testcase1"/>
  <testcase name="dropdownTest" time="2.983" classname="com.qa.testcases.Testcase1"/>
</testsuite> <!-- Default test -->
