<?xml version="1.0" encoding="UTF-8"?>
<!-- Generated by org.testng.reporters.JUnitXMLReporter -->
<testsuite hostname="LAPTOP-N0G0NBDP" ignored="0" name="TestNGScripts" tests="4" failures="0" timestamp="27 Feb 2021 02:17:42 GMT" time="32.686" errors="0">
  <testcase name="SearchboxTest" time="5.101" classname="com.qa.testcases.Testcase1"/>
  <testcase name="mainPageTest" time="5.001" classname="com.qa.testcases.Testcase1"/>
  <testcase name="CreateAccountPageTest" time="5.598" classname="com.qa.testcases.Testcase1"/>
  <testcase name="dropdownTest" time="6.183" classname="com.qa.testcases.Testcase1"/>
</testsuite> <!-- TestNGScripts -->
