<?xml version="1.0" encoding="UTF-8"?>
<testng-results skipped="0" failed="0" ignored="0" total="4" passed="4">
  <reporter-output>
  </reporter-output>
  <suite name="SeleniumTraining" duration-ms="32686" started-at="2021-02-27T02:17:09Z" finished-at="2021-02-27T02:17:42Z">
    <groups>
    </groups>
    <test name="TestNGScripts" duration-ms="32686" started-at="2021-02-27T02:17:09Z" finished-at="2021-02-27T02:17:42Z">
      <class name="com.qa.testcases.Testcase1">
        <test-method status="PASS" signature="openbrowserTest()[pri:0, instance:com.qa.testcases.Testcase1@cf48b7]" name="openbrowserTest" is-config="true" duration-ms="6477" started-at="2021-02-27T02:17:09Z" finished-at="2021-02-27T02:17:16Z">
          <reporter-output>
          </reporter-output>
        </test-method> <!-- openbrowserTest -->
        <test-method status="PASS" signature="SearchboxTest()[pri:49, instance:com.qa.testcases.Testcase1@cf48b7]" name="SearchboxTest" duration-ms="5101" started-at="2021-02-27T02:17:16Z" finished-at="2021-02-27T02:17:21Z">
          <reporter-output>
          </reporter-output>
        </test-method> <!-- SearchboxTest -->
        <test-method status="PASS" signature="mainPageTest()[pri:50, instance:com.qa.testcases.Testcase1@cf48b7]" name="mainPageTest" duration-ms="5001" started-at="2021-02-27T02:17:21Z" finished-at="2021-02-27T02:17:26Z">
          <reporter-output>
          </reporter-output>
        </test-method> <!-- mainPageTest -->
        <test-method status="PASS" signature="CreateAccountPageTest()[pri:51, instance:com.qa.testcases.Testcase1@cf48b7]" name="CreateAccountPageTest" duration-ms="5598" started-at="2021-02-27T02:17:26Z" finished-at="2021-02-27T02:17:32Z">
          <reporter-output>
          </reporter-output>
        </test-method> <!-- CreateAccountPageTest -->
        <test-method status="PASS" signature="dropdownTest()[pri:52, instance:com.qa.testcases.Testcase1@cf48b7]" name="dropdownTest" duration-ms="6183" started-at="2021-02-27T02:17:32Z" finished-at="2021-02-27T02:17:38Z">
          <reporter-output>
          </reporter-output>
        </test-method> <!-- dropdownTest -->
        <test-method status="PASS" signature="closeBrowser()[pri:0, instance:com.qa.testcases.Testcase1@cf48b7]" name="closeBrowser" is-config="true" duration-ms="4270" started-at="2021-02-27T02:17:38Z" finished-at="2021-02-27T02:17:42Z">
          <reporter-output>
          </reporter-output>
        </test-method> <!-- closeBrowser -->
      </class> <!-- com.qa.testcases.Testcase1 -->
    </test> <!-- TestNGScripts -->
  </suite> <!-- SeleniumTraining -->
</testng-results>
